2020-04-12 19:34:37 INFO     Env running in port 2000
2020-04-12 19:34:37 INFO     connecting to Carla server...
2020-04-12 19:34:38 INFO     Carla server port 2000 connected!
2020-04-12 19:34:44 DEBUG    Speed too fast! Episode Done.
2020-04-13 11:08:21 INFO     Env running in port 2000
2020-04-13 11:08:21 INFO     connecting to Carla server...
2020-04-13 11:08:22 INFO     Carla server port 2000 connected!
2020-04-13 11:08:44 INFO     Env running in port 2000
2020-04-13 11:08:44 INFO     connecting to Carla server...
2020-04-13 11:08:45 INFO     Carla server port 2000 connected!
2020-04-13 11:10:22 INFO     Env running in port 2000
2020-04-13 11:10:22 INFO     connecting to Carla server...
2020-04-13 11:10:24 INFO     Carla server port 2000 connected!
2020-04-13 11:10:25 DEBUG    Lane invasion happened! Episode Done.
2020-04-13 11:10:48 INFO     Env running in port 2000
2020-04-13 11:10:48 INFO     connecting to Carla server...
2020-04-13 11:10:49 INFO     Carla server port 2000 connected!
2020-04-13 11:10:51 DEBUG    Lane invasion happened! Episode Done.
2020-04-25 15:25:00 INFO     Env running in port 2000
2020-04-25 15:25:00 INFO     connecting to Carla server...
2020-04-25 15:25:01 INFO     Carla server port 2000 connected!
2020-04-25 15:25:01 ERROR    Env reset() error
2020-04-25 15:25:03 INFO     connecting to Carla server...
2020-04-25 15:25:04 INFO     Carla server port 2000 connected!
2020-04-25 15:25:04 ERROR    Env reset() error
2020-04-25 15:25:06 INFO     connecting to Carla server...
2020-04-25 15:25:07 INFO     Carla server port 2000 connected!
2020-04-25 15:25:07 ERROR    Env reset() error
2020-04-25 15:25:09 INFO     connecting to Carla server...
2020-04-25 15:25:11 INFO     Carla server port 2000 connected!
2020-04-25 15:25:11 ERROR    Env reset() error
2020-04-25 15:26:00 INFO     Env running in port 2000
2020-04-25 15:26:00 INFO     connecting to Carla server...
2020-04-25 15:26:02 INFO     Carla server port 2000 connected!
2020-04-25 15:26:53 INFO     Env running in port 2000
2020-04-25 15:26:53 INFO     connecting to Carla server...
2020-04-25 15:26:54 INFO     Carla server port 2000 connected!
2020-04-25 15:27:36 INFO     Env running in port 2000
2020-04-25 15:27:36 INFO     connecting to Carla server...
2020-04-25 15:27:37 INFO     Carla server port 2000 connected!
2020-04-25 15:27:43 DEBUG    Lane invasion happened! Episode Done.
2020-04-25 15:28:27 INFO     Env running in port 2000
2020-04-25 15:28:27 INFO     connecting to Carla server...
2020-04-25 15:28:28 INFO     Carla server port 2000 connected!
2020-04-25 15:28:30 INFO     Env running in port 2000
2020-04-25 15:28:30 INFO     connecting to Carla server...
2020-04-25 15:28:31 INFO     Carla server port 2000 connected!
2020-04-25 15:28:38 DEBUG    Lane invasion happened! Episode Done.
2020-04-25 15:28:44 DEBUG    Lane invasion happened! Episode Done.
2020-04-25 15:28:50 DEBUG    Lane invasion happened! Episode Done.
2020-04-25 15:28:57 DEBUG    Lane invasion happened! Episode Done.
2020-04-25 15:29:04 DEBUG    Lane invasion happened! Episode Done.
2020-04-25 15:29:10 DEBUG    Lane invasion happened! Episode Done.
2020-04-25 15:29:17 DEBUG    Lane invasion happened! Episode Done.
2020-04-25 15:29:23 DEBUG    Lane invasion happened! Episode Done.
2020-04-25 15:29:30 DEBUG    Lane invasion happened! Episode Done.
2020-04-25 15:29:37 DEBUG    Lane invasion happened! Episode Done.
2020-04-25 15:29:43 DEBUG    Lane invasion happened! Episode Done.
2020-04-25 15:29:49 DEBUG    Lane invasion happened! Episode Done.
2020-04-25 15:29:55 DEBUG    Lane invasion happened! Episode Done.
2020-04-25 15:30:01 DEBUG    Lane invasion happened! Episode Done.
2020-04-25 15:30:08 DEBUG    Lane invasion happened! Episode Done.
2020-04-25 15:30:14 DEBUG    Lane invasion happened! Episode Done.
2020-04-25 15:30:20 DEBUG    Lane invasion happened! Episode Done.
2020-05-02 10:52:22 INFO     Env running in port 2000
2020-05-02 10:52:22 INFO     connecting to Carla server...
2020-05-02 10:52:23 INFO     Carla server port 2000 connected!
2020-05-02 10:52:58 INFO     Env running in port 2000
2020-05-02 10:52:58 INFO     connecting to Carla server...
2020-05-02 10:52:59 INFO     Carla server port 2000 connected!
2020-05-02 10:53:50 INFO     Env running in port 2000
2020-05-02 10:53:50 INFO     connecting to Carla server...
2020-05-02 10:53:51 INFO     Carla server port 2000 connected!
2020-05-02 10:55:10 INFO     Env running in port 2000
2020-05-02 10:55:10 INFO     connecting to Carla server...
2020-05-02 10:55:11 INFO     Carla server port 2000 connected!
2020-05-02 10:57:39 INFO     Env running in port 2000
2020-05-02 10:57:39 INFO     connecting to Carla server...
2020-05-02 10:57:40 INFO     Carla server port 2000 connected!
2020-05-02 10:58:19 INFO     Env running in port 2000
2020-05-02 10:58:19 INFO     connecting to Carla server...
2020-05-02 10:58:20 INFO     Carla server port 2000 connected!
2020-05-02 10:59:19 INFO     Env running in port 2000
2020-05-02 10:59:19 INFO     connecting to Carla server...
2020-05-02 10:59:20 INFO     Carla server port 2000 connected!
2020-05-02 11:09:07 INFO     Env running in port 2000
2020-05-02 11:09:07 INFO     connecting to Carla server...
2020-05-02 11:10:47 INFO     Env running in port 2000
2020-05-02 11:10:47 INFO     connecting to Carla server...
2020-05-02 11:10:48 INFO     Carla server port 2000 connected!
2020-05-02 11:10:48 ERROR    Env reset() error
2020-05-02 11:10:50 INFO     connecting to Carla server...
2020-05-02 11:10:52 INFO     Carla server port 2000 connected!
2020-05-02 11:10:52 ERROR    Env reset() error
2020-05-02 11:10:54 INFO     connecting to Carla server...
2020-05-02 11:11:27 INFO     Env running in port 2000
2020-05-02 11:11:27 INFO     connecting to Carla server...
2020-05-02 11:11:28 INFO     Carla server port 2000 connected!
2020-05-02 11:12:32 INFO     Env running in port 2000
2020-05-02 11:12:32 INFO     connecting to Carla server...
2020-05-02 11:12:33 INFO     Carla server port 2000 connected!
2020-05-02 11:12:34 ERROR    Env reset() error
2020-05-02 11:12:36 INFO     connecting to Carla server...
2020-05-02 11:12:37 INFO     Carla server port 2000 connected!
2020-05-02 11:12:37 ERROR    Env reset() error
2020-05-02 11:12:39 INFO     connecting to Carla server...
2020-05-02 11:12:40 INFO     Carla server port 2000 connected!
2020-05-02 11:12:40 ERROR    Env reset() error
2020-05-02 11:12:59 INFO     Env running in port 2000
2020-05-02 11:12:59 INFO     connecting to Carla server...
2020-05-02 11:13:01 INFO     Carla server port 2000 connected!
2020-05-02 11:13:08 INFO     Env running in port 2000
2020-05-02 11:13:08 INFO     connecting to Carla server...
2020-05-02 11:13:10 INFO     Carla server port 2000 connected!
2020-05-02 11:14:58 INFO     Env running in port 2000
2020-05-02 11:14:58 INFO     connecting to Carla server...
2020-05-02 11:14:59 INFO     Carla server port 2000 connected!
2020-05-03 16:58:50 INFO     Env running in port 2000
2020-05-03 16:58:50 INFO     connecting to Carla server...
2020-05-03 16:58:51 INFO     Carla server port 2000 connected!
2020-05-03 16:59:01 DEBUG    Time out! Episode cost 50 steps in route 0.
2020-05-03 16:59:10 DEBUG    Time out! Episode cost 50 steps in route 0.
2020-05-03 17:00:00 INFO     Env running in port 2000
2020-05-03 17:00:00 INFO     connecting to Carla server...
2020-05-03 17:00:02 INFO     Carla server port 2000 connected!
2020-05-03 17:00:03 DEBUG    Right Lane invasion! Episode cost 9 steps in route 0.
2020-05-03 17:00:05 DEBUG    Right Lane invasion! Episode cost 9 steps in route 0.
2020-05-03 17:00:06 DEBUG    Right Lane invasion! Episode cost 9 steps in route 0.
2020-05-03 17:00:08 DEBUG    Right Lane invasion! Episode cost 9 steps in route 0.
2020-05-03 17:00:09 DEBUG    Right Lane invasion! Episode cost 9 steps in route 0.
2020-05-03 17:00:11 DEBUG    Right Lane invasion! Episode cost 9 steps in route 0.
2020-05-03 17:00:12 DEBUG    Right Lane invasion! Episode cost 9 steps in route 0.
2020-05-03 17:01:21 INFO     Env running in port 2000
2020-05-03 17:01:21 INFO     connecting to Carla server...
2020-05-03 17:01:22 INFO     Carla server port 2000 connected!
2020-05-03 17:01:23 DEBUG    Right Lane invasion! Episode cost 9 steps in route 0.
2020-05-03 17:01:25 DEBUG    Right Lane invasion! Episode cost 9 steps in route 0.
2020-05-03 17:01:26 DEBUG    Right Lane invasion! Episode cost 9 steps in route 0.
2020-05-03 17:02:03 INFO     Env running in port 2000
2020-05-03 17:02:03 INFO     connecting to Carla server...
2020-05-03 17:02:04 INFO     Carla server port 2000 connected!
2020-05-03 17:02:06 DEBUG    Right Lane invasion! Episode cost 9 steps in route 0.
2020-05-03 17:02:07 DEBUG    Right Lane invasion! Episode cost 6 steps in route 0.
2020-05-03 17:02:08 DEBUG    Right Lane invasion! Episode cost 9 steps in route 0.
2020-05-03 17:02:10 DEBUG    Right Lane invasion! Episode cost 9 steps in route 0.
2020-05-03 17:02:11 DEBUG    Right Lane invasion! Episode cost 6 steps in route 0.
2020-05-03 17:02:12 DEBUG    Right Lane invasion! Episode cost 9 steps in route 0.
2020-05-03 17:02:13 DEBUG    Right Lane invasion! Episode cost 6 steps in route 0.
2020-05-03 17:02:23 INFO     Env running in port 2000
2020-05-03 17:02:23 INFO     connecting to Carla server...
2020-05-03 17:02:24 INFO     Carla server port 2000 connected!
2020-05-03 17:02:27 DEBUG    Left Lane invasion! Episode cost 16 steps in route 0.
2020-05-03 17:02:28 DEBUG    Right Lane invasion! Episode cost 7 steps in route 0.
2020-05-03 17:02:29 DEBUG    Left Lane invasion! Episode cost 9 steps in route 0.
2020-05-03 17:02:31 DEBUG    Left Lane invasion! Episode cost 9 steps in route 0.
2020-05-03 17:02:32 DEBUG    Right Lane invasion! Episode cost 7 steps in route 0.
2020-05-03 17:02:33 DEBUG    Right Lane invasion! Episode cost 7 steps in route 0.
2020-05-03 17:02:35 DEBUG    Left Lane invasion! Episode cost 9 steps in route 0.
2020-05-03 17:02:37 DEBUG    Right Lane invasion! Episode cost 12 steps in route 0.
2020-05-03 17:02:40 DEBUG    Right Lane invasion! Episode cost 18 steps in route 0.
2020-05-03 17:02:49 DEBUG    Time out! Episode cost 50 steps in route 0.
2020-05-03 17:03:09 INFO     Env running in port 2000
2020-05-03 17:03:09 INFO     connecting to Carla server...
2020-05-03 17:03:10 INFO     Carla server port 2000 connected!
2020-05-03 17:03:12 DEBUG    Left Lane invasion! Episode cost 9 steps in route 0.
2020-05-03 17:03:13 DEBUG    Left Lane invasion! Episode cost 9 steps in route 0.
2020-05-03 17:03:15 DEBUG    Left Lane invasion! Episode cost 9 steps in route 0.
2020-05-03 17:03:16 DEBUG    Left Lane invasion! Episode cost 9 steps in route 0.
2020-05-03 17:03:19 DEBUG    Left Lane invasion! Episode cost 15 steps in route 0.
2020-05-03 17:03:20 DEBUG    Left Lane invasion! Episode cost 9 steps in route 0.
